# JRE version: OpenJDK Runtime Environment (17.0+35) (build 17+35-2724)
# Java VM: OpenJDK 64-Bit Server VM (17+35-2724, mixed mode, emulated-client, sharing, tiered, compressed oops, compressed class ptrs, g1 gc, windows-amd64)
GC Precious Log:
 CPUs: 4 total, 4 available
 Memory: 3554M
 Large Page Support: Disabled
 NUMA Support: Disabled
 Compressed Oops: Enabled (32-bit)
 Heap Region Size: 1M
 Heap Min Capacity: 8M
 Heap Initial Capacity: 56M
 Heap Max Capacity: 890M
 Pre-touch: Disabled
 Parallel Workers: 4
 Concurrent Workers: 1
 Concurrent Refinement Workers: 4
 Periodic GC: Disabled
Heap:
 garbage-first heap   total 57344K, used 8672K [0x00000000c8600000, 0x0000000100000000)
  region size 1024K, 2 young (2048K), 2 survivors (2048K)
 Metaspace       used 7584K, committed 7808K, reserved 1056768K
  class space    used 986K, committed 1088K, reserved 1048576K
GC Heap History (11 events):
Event: 9.328 GC heap before
{Heap before GC invocations=0 (full 0):
 garbage-first heap   total 57344K, used 13312K [0x00000000c8600000, 0x0000000100000000)
  region size 1024K, 13 young (13312K), 0 survivors (0K)
 Metaspace       used 4556K, committed 4736K, reserved 1056768K
  class space    used 568K, committed 704K, reserved 1048576K
}
Event: 9.364 GC heap after
{Heap after GC invocations=1 (full 0):
 garbage-first heap   total 57344K, used 6929K [0x00000000c8600000, 0x0000000100000000)
  region size 1024K, 2 young (2048K), 2 survivors (2048K)
 Metaspace       used 4556K, committed 4736K, reserved 1056768K
  class space    used 568K, committed 704K, reserved 1048576K
}
Event: 10.785 GC heap before
{Heap before GC invocations=1 (full 0):
 garbage-first heap   total 57344K, used 14097K [0x00000000c8600000, 0x0000000100000000)
  region size 1024K, 10 young (10240K), 2 survivors (2048K)
 Metaspace       used 6886K, committed 7104K, reserved 1056768K
  class space    used 885K, committed 960K, reserved 1048576K
}
Event: 10.801 GC heap after
{Heap after GC invocations=2 (full 0):
 garbage-first heap   total 57344K, used 8102K [0x00000000c8600000, 0x0000000100000000)
  region size 1024K, 2 young (2048K), 2 survivors (2048K)
 Metaspace       used 6886K, committed 7104K, reserved 1056768K
  class space    used 885K, committed 960K, reserved 1048576K
}
Event: 11.341 GC heap before
{Heap before GC invocations=2 (full 0):
 garbage-first heap   total 57344K, used 24486K [0x00000000c8600000, 0x0000000100000000)
  region size 1024K, 19 young (19456K), 2 survivors (2048K)
 Metaspace       used 7584K, committed 7808K, reserved 1056768K
  class space    used 986K, committed 1088K, reserved 1048576K
}
Event: 11.350 GC heap after
{Heap after GC invocations=3 (full 0):
 garbage-first heap   total 57344K, used 8465K [0x00000000c8600000, 0x0000000100000000)
  region size 1024K, 2 young (2048K), 2 survivors (2048K)
 Metaspace       used 7584K, committed 7808K, reserved 1056768K
  class space    used 986K, committed 1088K, reserved 1048576K
}
Event: 11.389 GC heap before
{Heap before GC invocations=3 (full 0):
 garbage-first heap   total 57344K, used 35089K [0x00000000c8600000, 0x0000000100000000)
  region size 1024K, 29 young (29696K), 2 survivors (2048K)
 Metaspace       used 7584K, committed 7808K, reserved 1056768K
  class space    used 986K, committed 1088K, reserved 1048576K
}
Event: 11.395 GC heap after
{Heap after GC invocations=4 (full 0):
 garbage-first heap   total 57344K, used 8515K [0x00000000c8600000, 0x0000000100000000)
  region size 1024K, 2 young (2048K), 2 survivors (2048K)
 Metaspace       used 7584K, committed 7808K, reserved 1056768K
  class space    used 986K, committed 1088K, reserved 1048576K
}
Event: 11.432 GC heap before
{Heap before GC invocations=4 (full 0):
 garbage-first heap   total 57344K, used 39235K [0x00000000c8600000, 0x0000000100000000)
  region size 1024K, 33 young (33792K), 2 survivors (2048K)
 Metaspace       used 7584K, committed 7808K, reserved 1056768K
  class space    used 986K, committed 1088K, reserved 1048576K
}
Event: 11.442 GC heap after
{Heap after GC invocations=5 (full 0):
 garbage-first heap   total 57344K, used 8534K [0x00000000c8600000, 0x0000000100000000)
  region size 1024K, 2 young (2048K), 2 survivors (2048K)
 Metaspace       used 7584K, committed 7808K, reserved 1056768K
  class space    used 986K, committed 1088K, reserved 1048576K
}
Event: 11.476 GC heap before
{Heap before GC invocations=5 (full 0):
 garbage-first heap   total 57344K, used 39254K [0x00000000c8600000, 0x0000000100000000)
  region size 1024K, 33 young (33792K), 2 survivors (2048K)
 Metaspace       used 7584K, committed 7808K, reserved 1056768K
  class space    used 986K, committed 1088K, reserved 1048576K
}

