# JRE version: OpenJDK Runtime Environment (17.0+35) (build 17+35-2724)
# Java VM: OpenJDK 64-Bit Server VM (17+35-2724, mixed mode, emulated-client, sharing, tiered, compressed oops, compressed class ptrs, g1 gc, windows-amd64)
GC Precious Log:
 CPUs: 4 total, 4 available
 Memory: 3554M
 Large Page Support: Disabled
 NUMA Support: Disabled
 Compressed Oops: Enabled (32-bit)
 Heap Region Size: 1M
 Heap Min Capacity: 8M
 Heap Initial Capacity: 56M
 Heap Max Capacity: 890M
 Pre-touch: Disabled
 Parallel Workers: 4
 Concurrent Workers: 1
 Concurrent Refinement Workers: 4
 Periodic GC: Disabled
Heap:
 garbage-first heap   total 114688K, used 45136K [0x00000000c8600000, 0x0000000100000000)
  region size 1024K, 40 young (40960K), 3 survivors (3072K)
 Metaspace       used 17672K, committed 17920K, reserved 1064960K
  class space    used 2461K, committed 2560K, reserved 1048576K
GC Heap History (14 events):
Event: 4.391 GC heap before
{Heap before GC invocations=0 (full 0):
 garbage-first heap   total 57344K, used 13312K [0x00000000c8600000, 0x0000000100000000)
  region size 1024K, 13 young (13312K), 0 survivors (0K)
 Metaspace       used 4398K, committed 4544K, reserved 1056768K
  class space    used 542K, committed 640K, reserved 1048576K
}
Event: 4.423 GC heap after
{Heap after GC invocations=1 (full 0):
 garbage-first heap   total 57344K, used 6903K [0x00000000c8600000, 0x0000000100000000)
  region size 1024K, 2 young (2048K), 2 survivors (2048K)
 Metaspace       used 4398K, committed 4544K, reserved 1056768K
  class space    used 542K, committed 640K, reserved 1048576K
}
Event: 5.640 GC heap before
{Heap before GC invocations=1 (full 0):
 garbage-first heap   total 57344K, used 15095K [0x00000000c8600000, 0x0000000100000000)
  region size 1024K, 10 young (10240K), 2 survivors (2048K)
 Metaspace       used 6950K, committed 7168K, reserved 1056768K
  class space    used 891K, committed 960K, reserved 1048576K
}
Event: 5.652 GC heap after
{Heap after GC invocations=2 (full 0):
 garbage-first heap   total 57344K, used 8208K [0x00000000c8600000, 0x0000000100000000)
  region size 1024K, 2 young (2048K), 2 survivors (2048K)
 Metaspace       used 6950K, committed 7168K, reserved 1056768K
  class space    used 891K, committed 960K, reserved 1048576K
}
Event: 6.019 GC heap before
{Heap before GC invocations=2 (full 0):
 garbage-first heap   total 57344K, used 24592K [0x00000000c8600000, 0x0000000100000000)
  region size 1024K, 19 young (19456K), 2 survivors (2048K)
 Metaspace       used 7579K, committed 7808K, reserved 1056768K
  class space    used 981K, committed 1088K, reserved 1048576K
}
Event: 6.028 GC heap after
{Heap after GC invocations=3 (full 0):
 garbage-first heap   total 57344K, used 8519K [0x00000000c8600000, 0x0000000100000000)
  region size 1024K, 2 young (2048K), 2 survivors (2048K)
 Metaspace       used 7579K, committed 7808K, reserved 1056768K
  class space    used 981K, committed 1088K, reserved 1048576K
}
Event: 6.073 GC heap before
{Heap before GC invocations=3 (full 0):
 garbage-first heap   total 57344K, used 35143K [0x00000000c8600000, 0x0000000100000000)
  region size 1024K, 29 young (29696K), 2 survivors (2048K)
 Metaspace       used 7579K, committed 7808K, reserved 1056768K
  class space    used 981K, committed 1088K, reserved 1048576K
}
Event: 6.080 GC heap after
{Heap after GC invocations=4 (full 0):
 garbage-first heap   total 57344K, used 8698K [0x00000000c8600000, 0x0000000100000000)
  region size 1024K, 2 young (2048K), 2 survivors (2048K)
 Metaspace       used 7579K, committed 7808K, reserved 1056768K
  class space    used 981K, committed 1088K, reserved 1048576K
}
Event: 6.137 GC heap before
{Heap before GC invocations=4 (full 0):
 garbage-first heap   total 57344K, used 39418K [0x00000000c8600000, 0x0000000100000000)
  region size 1024K, 33 young (33792K), 2 survivors (2048K)
 Metaspace       used 7579K, committed 7808K, reserved 1056768K
  class space    used 981K, committed 1088K, reserved 1048576K
}
Event: 6.143 GC heap after
{Heap after GC invocations=5 (full 0):
 garbage-first heap   total 57344K, used 8602K [0x00000000c8600000, 0x0000000100000000)
  region size 1024K, 2 young (2048K), 2 survivors (2048K)
 Metaspace       used 7579K, committed 7808K, reserved 1056768K
  class space    used 981K, committed 1088K, reserved 1048576K
}
Event: 6.183 GC heap before
{Heap before GC invocations=5 (full 0):
 garbage-first heap   total 57344K, used 39322K [0x00000000c8600000, 0x0000000100000000)
  region size 1024K, 33 young (33792K), 2 survivors (2048K)
 Metaspace       used 7579K, committed 7808K, reserved 1056768K
  class space    used 981K, committed 1088K, reserved 1048576K
}
Event: 6.189 GC heap after
{Heap after GC invocations=6 (full 0):
 garbage-first heap   total 57344K, used 8613K [0x00000000c8600000, 0x0000000100000000)
  region size 1024K, 2 young (2048K), 2 survivors (2048K)
 Metaspace       used 7579K, committed 7808K, reserved 1056768K
  class space    used 981K, committed 1088K, reserved 1048576K
}
Event: 7.707 GC heap before
{Heap before GC invocations=6 (full 0):
 garbage-first heap   total 57344K, used 39333K [0x00000000c8600000, 0x0000000100000000)
  region size 1024K, 33 young (33792K), 2 survivors (2048K)
 Metaspace       used 10074K, committed 10368K, reserved 1064960K
  class space    used 1362K, committed 1536K, reserved 1048576K
}
Event: 7.717 GC heap after
{Heap after GC invocations=7 (full 0):
 garbage-first heap   total 114688K, used 9296K [0x00000000c8600000, 0x0000000100000000)
  region size 1024K, 3 young (3072K), 3 survivors (3072K)
 Metaspace       used 10074K, committed 10368K, reserved 1064960K
  class space    used 1362K, committed 1536K, reserved 1048576K
}

